<?xml version="1.0" encoding="UTF-8"?>
<!-- Generated by org.testng.reporters.JUnitXMLReporter -->
<testsuite ignored="1" hostname="DESKTOP-F0IKBET" failures="0" tests="2" name="Car Loan" time="0.008" errors="0" timestamp="2025-02-07T23:11:45 IST">
  <testcase classname="DemoFramework.DemoClass3" name="cloanEligibility" time="0.001"/>
  <testcase classname="DemoFramework.DemoClass4" name="CloanInformation" time="0.001"/>
  <testcase classname="DemoFramework.DemoClass3" name="cloanLogin" time="0.0">
    <ignored/>
  </testcase> <!-- cloanLogin -->
</testsuite> <!-- Car Loan -->
