<?xml version="1.0" encoding="UTF-8"?>
<!-- Generated by org.testng.reporters.JUnitXMLReporter -->
<testsuite ignored="1" hostname="DESKTOP-F0IKBET" failures="0" tests="2" name="Personal Loan" time="0.051" errors="0" timestamp="2025-02-07T23:11:45 IST">
  <testcase classname="DemoFramework.DemoClass1" name="ploanLogin" time="0.01"/>
  <testcase classname="DemoFramework.DemoClass2" name="ploanInformation" time="0.003"/>
  <testcase classname="DemoFramework.DemoClass1" name="ploanEligibility" time="0.0">
    <ignored/>
  </testcase> <!-- ploanEligibility -->
</testsuite> <!-- Personal Loan -->
