<?xml version="1.0" encoding="UTF-8"?>
<!-- Generated by org.testng.reporters.JUnitXMLReporter -->
<testsuite ignored="0" hostname="DESKTOP-F0IKBET" failures="0" tests="3" name="Test" time="0.057" errors="0" timestamp="2024-07-17T09:02:27 IST">
  <testcase classname="DemoFramework.DemoClass1" name="ploanEligibility" time="0.01"/>
  <testcase classname="DemoFramework.DemoClass1" name="ploanLogin" time="0.001"/>
  <testcase classname="DemoFramework.DemoClass2" name="ploanInformation" time="0.002"/>
</testsuite> <!-- Test -->
